slurmstepd: error: *** JOB 720712 ON NODE028 CANCELLED AT 2019-03-12T15:32:27 ***
forrtl: error (78): process killed (SIGTERM)
Image              PC                Routine            Line        Source             
libifcore.so.5     00007F623C52045F  for__signal_handl     Unknown  Unknown
libpthread-2.17.s  00007F6236EF55D0  Unknown               Unknown  Unknown
pw.x               0000000004556CBC  Unknown               Unknown  Unknown
pw.x               0000000004E1B059  Unknown               Unknown  Unknown
pw.x               00000000045D9D38  Unknown               Unknown  Unknown
pw.x               0000000004E0DF8B  Unknown               Unknown  Unknown
pw.x               00000000045F20BA  Unknown               Unknown  Unknown
pw.x               0000000000B0E27A  Unknown               Unknown  Unknown
pw.x               0000000000B0DC1B  Unknown               Unknown  Unknown
pw.x               0000000000B0B626  Unknown               Unknown  Unknown
pw.x               00000000007DA1C2  Unknown               Unknown  Unknown
pw.x               0000000000750A5C  Unknown               Unknown  Unknown
pw.x               000000000075044C  Unknown               Unknown  Unknown
pw.x               0000000000ACC6DD  Unknown               Unknown  Unknown
pw.x               00000000006B5936  Unknown               Unknown  Unknown
pw.x               00000000006B3CE3  Unknown               Unknown  Unknown
pw.x               0000000000420021  Unknown               Unknown  Unknown
pw.x               000000000041D0CC  Unknown               Unknown  Unknown
pw.x               00000000005E8AB6  Unknown               Unknown  Unknown
pw.x               000000000041AC8F  Unknown               Unknown  Unknown
pw.x               000000000041AB1E  Unknown               Unknown  Unknown
libc-2.17.so       00007F62368393D5  __libc_start_main     Unknown  Unknown
pw.x               000000000041AA29  Unknown               Unknown  Unknown
