g-1  18  -33062.66025088 
g-2  18  -33062.63050445 
g-3  18  -33062.63050792 
g-4  18  -33062.61059930 
g-5  18  -33062.63050846 
g-6  18  -33062.61059914 
g-7  18  -33062.61060210 
g-8  18  -33062.60091128 
g-9  18  -33062.63050961 
g-10  18  -33062.61060148 
g-11  18  -33062.59775682 
g-12  18  -33062.58582252 
g-13  18  -33062.61852691 
g-14  18  -33062.60548009 
g-15  18  -33062.59522643 
g-16  18  -33062.59190789 
g-17  18  -33062.63051156 
g-18  18  -33062.61852384 
g-19  18  -33062.61060247 
g-20  18  -33062.60548048 
g-21  18  -33062.59775902 
g-22  18  -33062.59522886 
g-23  18  -33062.58582771 
g-24  18  -33062.59191032 
g-25  18  -33062.61060738 
g-26  18  -33062.60548085 
g-27  18  -33062.58583233 
g-28  18  -33062.59290101 
g-29  18  -33062.59523153 
g-30  18  -33062.59855890 
g-31  18  -33062.57917580 
g-32  18  -33062.59190996 
g-33  18  -33062.63051236 
g-34  18  -33062.59776316 
g-35  18  -33062.61852669 
g-36  18  -33062.59522710 
g-37  18  -33062.61060264 
g-38  18  -33062.58582992 
g-39  18  -33062.60547620 
g-40  18  -33062.59190794 
g-41  18  -33062.61060662 
g-42  18  -33062.58582716 
g-43  18  -33062.59522847 
g-44  18  -33062.57917523 
g-45  18  -33062.60547985 
g-46  18  -33062.59290232 
g-47  18  -33062.59855656 
g-48  18  -33062.59190547 
g-49  18  -33062.61060803 
g-50  18  -33062.59522897 
g-51  18  -33062.60548224 
g-52  18  -33062.59855806 
g-53  18  -33062.58583264 
g-54  18  -33062.57917643 
g-55  18  -33062.59290646 
g-56  18  -33062.59190687 
g-57  18  -33062.60091732 
g-58  18  -33062.59190862 
g-59  18  -33062.59190797 
g-60  18  -33062.59190856 
g-61  18  -33062.59190983 
g-62  18  -33062.59191423 
g-63  18  -33062.59190911 
g-64  18  -33062.60092203 
g-65  18  -33062.63050725 
g-66  18  -33062.61059821 
g-67  18  -33062.61852471 
g-68  18  -33062.60547759 
g-69  18  -33062.59775848 
g-70  18  -33062.58582545 
g-71  18  -33062.59522889 
g-72  18  -33062.59190928 
g-73  18  -33062.61060072 
g-74  18  -33062.60091224 
g-75  18  -33062.59522795 
g-76  18  -33062.59190975 
g-77  18  -33062.59522994 
g-78  18  -33062.59190877 
g-79  18  -33062.58577498 
g-80  18  -33062.59290533 
g-81  18  -33062.59776386 
g-82  18  -33062.59522894 
g-83  18  -33062.59522997 
g-84  18  -33062.59855689 
g-85  18  -33062.56541022 
g-101  18  -33062.59522545 
g-200  18  -33062.57917575 
